This is pdfTeX, Version 3.141592653-2.6-1.40.24 (TeX Live 2022) (preloaded format=pdflatex 2022.4.9)  11 APR 2022 00:52
entering extended mode
 restricted \write18 enabled.
 %&-line parsing enabled.
**refman
(./refman.tex
LaTeX2e <2021-11-15> patch level 1
L3 programming layer <2022-02-24>
(/usr/local/texlive/2022/texmf-dist/tex/latex/base/book.cls
Document Class: book 2021/10/04 v1.4n Standard LaTeX document class
(/usr/local/texlive/2022/texmf-dist/tex/latex/base/bk10.clo
File: bk10.clo 2021/10/04 v1.4n Standard LaTeX file (size option)
)
\c@part=\count185
\c@chapter=\count186
\c@section=\count187
\c@subsection=\count188
\c@subsubsection=\count189
\c@paragraph=\count190
\c@subparagraph=\count191
\c@figure=\count192
\c@table=\count193
\abovecaptionskip=\skip47
\belowcaptionskip=\skip48
\bibindent=\dimen138
)
(/usr/local/texlive/2022/texmf-dist/tex/latex/base/ifthen.sty
Package: ifthen 2020/11/24 v1.1c Standard LaTeX ifthen package (DPC)
)
(/usr/local/texlive/2022/texmf-dist/tex/latex/tools/array.sty
Rollback for package 'array' requested -> date 2016-10-06.
         Best approximation is the release introduced on 2016-10-06.

(/usr/local/texlive/2022/texmf-dist/tex/latex/tools/array-2016-10-06.sty
Package: array 2016/10/06 v2.4d Tabular extension package (FMi)
\col@sep=\dimen139
\extrarowheight=\dimen140
\NC@list=\toks16
\extratabsurround=\skip49
\backup@length=\skip50
))
(/usr/local/texlive/2022/texmf-dist/tex/latex/base/fixltx2e.sty
Package: fixltx2e 2016/12/29 v2.1a fixes to LaTeX (obsolete)
Applying: [2015/01/01] Old fixltx2e package on input line 46.


Package fixltx2e Warning: fixltx2e is not required with releases after 2015
(fixltx2e)                All fixes are now in the LaTeX kernel.
(fixltx2e)                See the latexrelease package for details.

Already applied: [0000/00/00] Old fixltx2e package on input line 53.
) (./doxygen.sty
Package: doxygen 
 (/usr/local/texlive/2022/texmf-dist/tex/latex/base/alltt.sty
Package: alltt 2021/01/29 v2.0g defines alltt environment
)
(/usr/local/texlive/2022/texmf-dist/tex/latex/tools/calc.sty
Package: calc 2017/05/25 v4.3 Infix arithmetic (KKT,FJ)
\calc@Acount=\count194
\calc@Bcount=\count195
\calc@Adimen=\dimen141
\calc@Bdimen=\dimen142
\calc@Askip=\skip51
\calc@Bskip=\skip52
LaTeX Info: Redefining \setlength on input line 80.
LaTeX Info: Redefining \addtolength on input line 81.
\calc@Ccount=\count196
\calc@Cskip=\skip53
)
(/usr/local/texlive/2022/texmf-dist/tex/latex/float/float.sty
Package: float 2001/11/08 v1.3d Float enhancements (AL)
\c@float@type=\count197
\float@exts=\toks17
\float@box=\box50
\@float@everytoks=\toks18
\@floatcapt=\box51
)
(/usr/local/texlive/2022/texmf-dist/tex/latex/tools/verbatim.sty
Package: verbatim 2020-07-07 v1.5u LaTeX2e package for verbatim enhancements
\every@verbatim=\toks19
\verbatim@line=\toks20
\verbatim@in@stream=\read2
)
(/usr/local/texlive/2022/texmf-dist/tex/latex/xcolor/xcolor.sty
Package: xcolor 2021/10/31 v2.13 LaTeX color extensions (UK)

(/usr/local/texlive/2022/texmf-dist/tex/latex/graphics-cfg/color.cfg
File: color.cfg 2016/01/02 v1.6 sample color configuration
)
Package xcolor Info: Driver file: pdftex.def on input line 227.

(/usr/local/texlive/2022/texmf-dist/tex/latex/graphics-def/pdftex.def
File: pdftex.def 2020/10/05 v1.2a Graphics/color driver for pdftex
)
(/usr/local/texlive/2022/texmf-dist/tex/latex/colortbl/colortbl.sty
Package: colortbl 2020/01/04 v1.0e Color table columns (DPC)
\everycr=\toks21
\minrowclearance=\skip54
)
\rownum=\count198
Package xcolor Info: Model `cmy' substituted by `cmy0' on input line 1352.
Package xcolor Info: Model `hsb' substituted by `rgb' on input line 1356.
Package xcolor Info: Model `RGB' extended on input line 1368.
Package xcolor Info: Model `HTML' substituted by `rgb' on input line 1370.
Package xcolor Info: Model `Hsb' substituted by `hsb' on input line 1371.
Package xcolor Info: Model `tHsb' substituted by `hsb' on input line 1372.
Package xcolor Info: Model `HSB' substituted by `hsb' on input line 1373.
Package xcolor Info: Model `Gray' substituted by `gray' on input line 1374.
Package xcolor Info: Model `wave' substituted by `hsb' on input line 1375.
)
(./longtable_doxygen.sty
Package: longtable_doxygen 2014/10/28 v4.11 Multi-page Table package (DPC) - fr
ozen version for doxygen
\LTleft=\skip55
\LTright=\skip56
\LTpre=\skip57
\LTpost=\skip58
\LTchunksize=\count199
\LTcapwidth=\dimen143
\LT@head=\box52
\LT@firsthead=\box53
\LT@foot=\box54
\LT@lastfoot=\box55
\LT@cols=\count266
\LT@rows=\count267
\c@LT@tables=\count268
\c@LT@chunks=\count269
\LT@p@ftn=\toks22
) (./tabu_doxygen.sty
Package: tabu_doxygen 2011/02/26 v2.8 - flexible LaTeX tabulars (FC), frozen ve
rsion for doxygen

(/usr/local/texlive/2022/texmf-dist/tex/latex/varwidth/varwidth.sty
Package: varwidth 2009/03/30 ver 0.92;  Variable-width minipages
\@vwid@box=\box56
\sift@deathcycles=\count270
\@vwid@loff=\dimen144
\@vwid@roff=\dimen145
)
\c@taburow=\count271
\tabu@nbcols=\count272
\tabu@cnt=\count273
\tabu@Xcol=\count274
\tabu@alloc=\count275
\tabu@nested=\count276
\tabu@target=\dimen146
\tabu@spreadtarget=\dimen147
\tabu@naturalX=\dimen148
\tabucolX=\dimen149
\tabu@Xsum=\dimen150
\extrarowdepth=\dimen151
\abovetabulinesep=\dimen152
\belowtabulinesep=\dimen153
\tabustrutrule=\dimen154
\tabu@thebody=\toks23
\tabu@footnotes=\toks24
\tabu@box=\box57
\tabu@arstrutbox=\box58
\tabu@hleads=\box59
\tabu@vleads=\box60
\tabu@cellskip=\skip59
)
(/usr/local/texlive/2022/texmf-dist/tex/latex/fancyvrb/fancyvrb.sty
Package: fancyvrb 2021/12/21 4.1b verbatim text (tvz,hv)

(/usr/local/texlive/2022/texmf-dist/tex/latex/graphics/keyval.sty
Package: keyval 2014/10/28 v1.15 key=value parser (DPC)
\KV@toks@=\toks25
)
\FV@CodeLineNo=\count277
\FV@InFile=\read3
\FV@TabBox=\box61
\c@FancyVerbLine=\count278
\FV@StepNumber=\count279
\FV@OutFile=\write3
)
(/usr/local/texlive/2022/texmf-dist/tex/latex/tools/tabularx.sty
Package: tabularx 2020/01/15 v2.11c `tabularx' package (DPC)
\TX@col@width=\dimen155
\TX@old@table=\dimen156
\TX@old@col=\dimen157
\TX@target=\dimen158
\TX@delta=\dimen159
\TX@cols=\count280
\TX@ftn=\toks26
)
(/usr/local/texlive/2022/texmf-dist/tex/latex/tools/multicol.sty
Package: multicol 2021/10/28 v1.9b multicolumn formatting (FMi)
\c@tracingmulticols=\count281
\mult@box=\box62
\multicol@leftmargin=\dimen160
\c@unbalance=\count282
\c@collectmore=\count283
\doublecol@number=\count284
\multicoltolerance=\count285
\multicolpretolerance=\count286
\full@width=\dimen161
\page@free=\dimen162
\premulticols=\dimen163
\postmulticols=\dimen164
\multicolsep=\skip60
\multicolbaselineskip=\skip61
\partial@page=\box63
\last@line=\box64
\maxbalancingoverflow=\dimen165
\mult@rightbox=\box65
\mult@grightbox=\box66
\mult@firstbox=\box67
\mult@gfirstbox=\box68
\@tempa=\box69
\@tempa=\box70
\@tempa=\box71
\@tempa=\box72
\@tempa=\box73
\@tempa=\box74
\@tempa=\box75
\@tempa=\box76
\@tempa=\box77
\@tempa=\box78
\@tempa=\box79
\@tempa=\box80
\@tempa=\box81
\@tempa=\box82
\@tempa=\box83
\@tempa=\box84
\@tempa=\box85
\@tempa=\box86
\@tempa=\box87
\@tempa=\box88
\@tempa=\box89
\@tempa=\box90
\@tempa=\box91
\@tempa=\box92
\@tempa=\box93
\@tempa=\box94
\@tempa=\box95
\@tempa=\box96
\@tempa=\box97
\@tempa=\box98
\@tempa=\box99
\@tempa=\box100
\@tempa=\box101
\@tempa=\box102
\@tempa=\box103
\@tempa=\box104
\c@minrows=\count287
\c@columnbadness=\count288
\c@finalcolumnbadness=\count289
\last@try=\dimen166
\multicolovershoot=\dimen167
\multicolundershoot=\dimen168
\mult@nat@firstbox=\box105
\colbreak@box=\box106
\mc@col@check@num=\count290
)
(/usr/local/texlive/2022/texmf-dist/tex/latex/multirow/multirow.sty
Package: multirow 2021/03/15 v2.8 Span multiple rows of a table
\multirow@colwidth=\skip62
\multirow@cntb=\count291
\multirow@dima=\skip63
\bigstrutjot=\dimen169
)
(/usr/local/texlive/2022/texmf-dist/tex/latex/hanging/hanging.sty
Package: hanging 2009/09/02 v1.2b hanging paragraphs and punctuation
\h@ngcommawd=\skip64
\h@ngfstopwd=\skip65
\h@ngquotewd=\skip66
\h@ngdquotewd=\skip67
\h@ngquerywd=\skip68
\h@ngexclwd=\skip69
\h@ngcolonwd=\skip70
\h@ngscolonwd=\skip71
)
(/usr/local/texlive/2022/texmf-dist/tex/generic/iftex/ifpdf.sty
Package: ifpdf 2019/10/25 v3.4 ifpdf legacy package. Use iftex instead.

(/usr/local/texlive/2022/texmf-dist/tex/generic/iftex/iftex.sty
Package: iftex 2022/02/03 v1.0f TeX engine tests
))
(/usr/local/texlive/2022/texmf-dist/tex/latex/adjustbox/adjustbox.sty
Package: adjustbox 2020/08/19 v1.3 Adjusting TeX boxes (trim, clip, ...)

(/usr/local/texlive/2022/texmf-dist/tex/latex/xkeyval/xkeyval.sty
Package: xkeyval 2020/11/20 v2.8 package option processing (HA)

(/usr/local/texlive/2022/texmf-dist/tex/generic/xkeyval/xkeyval.tex
(/usr/local/texlive/2022/texmf-dist/tex/generic/xkeyval/xkvutils.tex
\XKV@toks=\toks27
\XKV@tempa@toks=\toks28
)
\XKV@depth=\count292
File: xkeyval.tex 2014/12/03 v2.7a key=value parser (HA)
))
(/usr/local/texlive/2022/texmf-dist/tex/latex/adjustbox/adjcalc.sty
Package: adjcalc 2012/05/16 v1.1 Provides advanced setlength with multiple back
-ends (calc, etex, pgfmath)
)
(/usr/local/texlive/2022/texmf-dist/tex/latex/adjustbox/trimclip.sty
Package: trimclip 2020/08/19 v1.2 Trim and clip general TeX material

(/usr/local/texlive/2022/texmf-dist/tex/latex/graphics/graphicx.sty
Package: graphicx 2021/09/16 v1.2d Enhanced LaTeX Graphics (DPC,SPQR)

(/usr/local/texlive/2022/texmf-dist/tex/latex/graphics/graphics.sty
Package: graphics 2021/03/04 v1.4d Standard LaTeX Graphics (DPC,SPQR)

(/usr/local/texlive/2022/texmf-dist/tex/latex/graphics/trig.sty
Package: trig 2021/08/11 v1.11 sin cos tan (DPC)
)
(/usr/local/texlive/2022/texmf-dist/tex/latex/graphics-cfg/graphics.cfg
File: graphics.cfg 2016/06/04 v1.11 sample graphics configuration
)
Package graphics Info: Driver file: pdftex.def on input line 107.
)
\Gin@req@height=\dimen170
\Gin@req@width=\dimen171
)
(/usr/local/texlive/2022/texmf-dist/tex/latex/collectbox/collectbox.sty
Package: collectbox 2012/05/17 v0.4b Collect macro arguments as boxes
\collectedbox=\box107
)
\tc@llx=\dimen172
\tc@lly=\dimen173
\tc@urx=\dimen174
\tc@ury=\dimen175
Package trimclip Info: Using driver 'tc-pdftex.def'.

(/usr/local/texlive/2022/texmf-dist/tex/latex/adjustbox/tc-pdftex.def
File: tc-pdftex.def 2019/01/04 v2.2 Clipping driver for pdftex
))
\adjbox@Width=\dimen176
\adjbox@Height=\dimen177
\adjbox@Depth=\dimen178
\adjbox@Totalheight=\dimen179
\adjbox@pwidth=\dimen180
\adjbox@pheight=\dimen181
\adjbox@pdepth=\dimen182
\adjbox@ptotalheight=\dimen183

(/usr/local/texlive/2022/texmf-dist/tex/latex/ifoddpage/ifoddpage.sty
Package: ifoddpage 2016/04/23 v1.1 Conditionals for odd/even page detection
\c@checkoddpage=\count293
))
(/usr/local/texlive/2022/texmf-dist/tex/latex/amsfonts/amssymb.sty
Package: amssymb 2013/01/14 v3.01 AMS font symbols

(/usr/local/texlive/2022/texmf-dist/tex/latex/amsfonts/amsfonts.sty
Package: amsfonts 2013/01/14 v3.01 Basic AMSFonts support
\@emptytoks=\toks29
\symAMSa=\mathgroup4
\symAMSb=\mathgroup5
LaTeX Font Info:    Redeclaring math symbol \hbar on input line 98.
LaTeX Font Info:    Overwriting math alphabet `\mathfrak' in version `bold'
(Font)                  U/euf/m/n --> U/euf/b/n on input line 106.
))
(/usr/local/texlive/2022/texmf-dist/tex/latex/stackengine/stackengine.sty
Package: stackengine 2021/07/22 v4.11\ Stacking text and objects in convenient 
ways

(/usr/local/texlive/2022/texmf-dist/tex/latex/etoolbox/etoolbox.sty
Package: etoolbox 2020/10/05 v2.5k e-TeX tools for LaTeX (JAW)
\etb@tempcnta=\count294
)
(/usr/local/texlive/2022/texmf-dist/tex/generic/listofitems/listofitems.sty
(/usr/local/texlive/2022/texmf-dist/tex/generic/listofitems/listofitems.tex
\loi_cnt_foreach_nest=\count295
\loi_nestcnt=\count296
)
Package: listofitems 2019/08/21 v1.63 Grab items in lists using user-specified 
sep char (CT)
)
\c@@stackindex=\count297
\@boxshift=\skip72
\stack@tmplength=\skip73
\temp@stkl=\skip74
\@stackedboxwidth=\skip75
\@addedbox=\box108
\@anchorbox=\box109
\@insetbox=\box110
\se@backgroundbox=\box111
\stackedbox=\box112
\@centerbox=\box113
\c@ROWcellindex@=\count298
)
(/usr/local/texlive/2022/texmf-dist/tex/latex/enumitem/enumitem.sty
Package: enumitem 2019/06/20 v3.9 Customized lists
\labelindent=\skip76
\enit@outerparindent=\dimen184
\enit@toks=\toks30
\enit@inbox=\box114
\enit@count@id=\count299
\enitdp@description=\count300
)
(/usr/local/texlive/2022/texmf-dist/tex/generic/alphalph/alphalph.sty
Package: alphalph 2019/12/09 v2.6 Convert numbers to letters (HO)

(/usr/local/texlive/2022/texmf-dist/tex/generic/infwarerr/infwarerr.sty
Package: infwarerr 2019/12/03 v1.5 Providing info/warning/error messages (HO)
)
(/usr/local/texlive/2022/texmf-dist/tex/generic/intcalc/intcalc.sty
Package: intcalc 2019/12/15 v1.3 Expandable calculations with integers (HO)
))
(/usr/local/texlive/2022/texmf-dist/tex/generic/ulem/ulem.sty
\UL@box=\box115
\UL@hyphenbox=\box116
\UL@skip=\skip77
\UL@hook=\toks31
\UL@height=\dimen185
\UL@pe=\count301
\UL@pixel=\dimen186
\ULC@box=\box117
Package: ulem 2019/11/18
\ULdepth=\dimen187
)
\xrefbox=\box118
\xreflength=\skip78
\CodeWidthChar=\skip79
\CodeHeightChar=\skip80
\DoxyCodeWidth=\skip81
\c@DoxyEnumeratei=\count302
\c@DoxyEnumerateii=\count303
\c@DoxyEnumerateiii=\count304
\c@DoxyEnumerateiv=\count305
\c@DoxyEnumeratev=\count306
\c@DoxyEnumeratevi=\count307
\c@DoxyEnumeratevii=\count308
\c@DoxyEnumerateviii=\count309
\c@DoxyEnumerateix=\count310
\c@DoxyEnumeratex=\count311
\c@DoxyEnumeratexi=\count312
\c@DoxyEnumeratexii=\count313
\enitdp@DoxyEnumerate=\count314
\enitdp@DoxyItemize=\count315
)
(/usr/local/texlive/2022/texmf-dist/tex/latex/base/inputenc.sty
Package: inputenc 2021/02/14 v1.3d Input encoding file
\inpenc@prehook=\toks32
\inpenc@posthook=\toks33
)
(/usr/local/texlive/2022/texmf-dist/tex/latex/base/makeidx.sty
Package: makeidx 2021/10/04 v1.0m Standard LaTeX package
)
(/usr/local/texlive/2022/texmf-dist/tex/latex/base/textcomp.sty
Package: textcomp 2020/02/02 v2.0n Standard LaTeX package
)
(/usr/local/texlive/2022/texmf-dist/tex/latex/wasysym/wasysym.sty
Package: wasysym 2020/01/19 v2.4 Wasy-2 symbol support package
\symwasy=\mathgroup6
LaTeX Font Info:    Overwriting symbol font `wasy' in version `bold'
(Font)                  U/wasy/m/n --> U/wasy/b/n on input line 93.
)
(/usr/local/texlive/2022/texmf-dist/tex/generic/iftex/ifxetex.sty
Package: ifxetex 2019/10/25 v0.7 ifxetex legacy package. Use iftex instead.
)
(/usr/local/texlive/2022/texmf-dist/tex/latex/base/fontenc.sty
Package: fontenc 2021/04/29 v2.0v Standard LaTeX package
)
(/usr/local/texlive/2022/texmf-dist/tex/latex/psnfss/helvet.sty
Package: helvet 2020/03/25 PSNFSS-v9.3 (WaS) 
)
(/usr/local/texlive/2022/texmf-dist/tex/latex/psnfss/courier.sty
Package: courier 2020/03/25 PSNFSS-v9.3 (WaS) 
)
(/usr/local/texlive/2022/texmf-dist/tex/latex/sectsty/sectsty.sty
Package: sectsty 2002/02/25 v2.0.2 Commands to change all sectional heading sty
les


LaTeX Warning: Command \underbar  has changed.
               Check if current package is valid.


LaTeX Warning: Command \underline  has changed.
               Check if current package is valid.

) (/usr/local/texlive/2022/texmf-dist/tex/latex/geometry/geometry.sty
Package: geometry 2020/01/02 v5.9 Page Geometry

(/usr/local/texlive/2022/texmf-dist/tex/generic/iftex/ifvtex.sty
Package: ifvtex 2019/10/25 v1.7 ifvtex legacy package. Use iftex instead.
)
\Gm@cnth=\count316
\Gm@cntv=\count317
\c@Gm@tempcnt=\count318
\Gm@bindingoffset=\dimen188
\Gm@wd@mp=\dimen189
\Gm@odd@mp=\dimen190
\Gm@even@mp=\dimen191
\Gm@layoutwidth=\dimen192
\Gm@layoutheight=\dimen193
\Gm@layouthoffset=\dimen194
\Gm@layoutvoffset=\dimen195
\Gm@dimlist=\toks34
)
(/usr/local/texlive/2022/texmf-dist/tex/latex/fancyhdr/fancyhdr.sty
Package: fancyhdr 2021/01/28 v4.0.1 Extensive control of page headers and foote
rs
\f@nch@headwidth=\skip82
\f@nch@O@elh=\skip83
\f@nch@O@erh=\skip84
\f@nch@O@olh=\skip85
\f@nch@O@orh=\skip86
\f@nch@O@elf=\skip87
\f@nch@O@erf=\skip88
\f@nch@O@olf=\skip89
\f@nch@O@orf=\skip90
)
(/usr/local/texlive/2022/texmf-dist/tex/latex/natbib/natbib.sty
Package: natbib 2010/09/13 8.31b (PWD, AO)
\bibhang=\skip91
\bibsep=\skip92
LaTeX Info: Redefining \cite on input line 694.
\c@NAT@ctr=\count319
)
(/usr/local/texlive/2022/texmf-dist/tex/latex/tocloft/tocloft.sty
Package: tocloft 2017/08/31 v2.3i parameterised ToC, etc., typesetting
Package tocloft Info: The document has chapter divisions on input line 51.
\cftparskip=\skip93
\cftbeforetoctitleskip=\skip94
\cftaftertoctitleskip=\skip95
\cftbeforepartskip=\skip96
\cftpartnumwidth=\skip97
\cftpartindent=\skip98
\cftbeforechapskip=\skip99
\cftchapindent=\skip100
\cftchapnumwidth=\skip101
\cftbeforesecskip=\skip102
\cftsecindent=\skip103
\cftsecnumwidth=\skip104
\cftbeforesubsecskip=\skip105
\cftsubsecindent=\skip106
\cftsubsecnumwidth=\skip107
\cftbeforesubsubsecskip=\skip108
\cftsubsubsecindent=\skip109
\cftsubsubsecnumwidth=\skip110
\cftbeforeparaskip=\skip111
\cftparaindent=\skip112
\cftparanumwidth=\skip113
\cftbeforesubparaskip=\skip114
\cftsubparaindent=\skip115
\cftsubparanumwidth=\skip116
\cftbeforeloftitleskip=\skip117
\cftafterloftitleskip=\skip118
\cftbeforefigskip=\skip119
\cftfigindent=\skip120
\cftfignumwidth=\skip121
\c@lofdepth=\count320
\c@lotdepth=\count321
\cftbeforelottitleskip=\skip122
\cftafterlottitleskip=\skip123
\cftbeforetabskip=\skip124
\cfttabindent=\skip125
\cfttabnumwidth=\skip126
)
\@indexfile=\write4
\openout4 = `refman.idx'.


Writing index file refman.idx

(/usr/local/texlive/2022/texmf-dist/tex/latex/newunicodechar/newunicodechar.sty
Package: newunicodechar 2018/04/08 v1.2 Defining Unicode characters
)

Package newunicodechar Warning: Redefining Unicode character on input line 116.



Package newunicodechar Warning: Redefining Unicode character on input line 117.


(/usr/local/texlive/2022/texmf-dist/tex/latex/hyperref/hyperref.sty
Package: hyperref 2022-02-21 v7.00n Hypertext links for LaTeX

(/usr/local/texlive/2022/texmf-dist/tex/generic/ltxcmds/ltxcmds.sty
Package: ltxcmds 2020-05-10 v1.25 LaTeX kernel commands for general use (HO)
)
(/usr/local/texlive/2022/texmf-dist/tex/generic/pdftexcmds/pdftexcmds.sty
Package: pdftexcmds 2020-06-27 v0.33 Utility functions of pdfTeX for LuaTeX (HO
)
Package pdftexcmds Info: \pdf@primitive is available.
Package pdftexcmds Info: \pdf@ifprimitive is available.
Package pdftexcmds Info: \pdfdraftmode found.
)
(/usr/local/texlive/2022/texmf-dist/tex/generic/kvsetkeys/kvsetkeys.sty
Package: kvsetkeys 2019/12/15 v1.18 Key value parser (HO)
)
(/usr/local/texlive/2022/texmf-dist/tex/generic/kvdefinekeys/kvdefinekeys.sty
Package: kvdefinekeys 2019-12-19 v1.6 Define keys (HO)
)
(/usr/local/texlive/2022/texmf-dist/tex/generic/pdfescape/pdfescape.sty
Package: pdfescape 2019/12/09 v1.15 Implements pdfTeX's escape features (HO)
)
(/usr/local/texlive/2022/texmf-dist/tex/latex/hycolor/hycolor.sty
Package: hycolor 2020-01-27 v1.10 Color options for hyperref/bookmark (HO)
)
(/usr/local/texlive/2022/texmf-dist/tex/latex/letltxmacro/letltxmacro.sty
Package: letltxmacro 2019/12/03 v1.6 Let assignment for LaTeX macros (HO)
)
(/usr/local/texlive/2022/texmf-dist/tex/latex/auxhook/auxhook.sty
Package: auxhook 2019-12-17 v1.6 Hooks for auxiliary files (HO)
)
(/usr/local/texlive/2022/texmf-dist/tex/latex/kvoptions/kvoptions.sty
Package: kvoptions 2020-10-07 v3.14 Key value format for package options (HO)
)
\@linkdim=\dimen196
\Hy@linkcounter=\count322
\Hy@pagecounter=\count323

(/usr/local/texlive/2022/texmf-dist/tex/latex/hyperref/pd1enc.def
File: pd1enc.def 2022-02-21 v7.00n Hyperref: PDFDocEncoding definition (HO)
Now handling font encoding PD1 ...
... no UTF-8 mapping file for font encoding PD1
)
(/usr/local/texlive/2022/texmf-dist/tex/generic/etexcmds/etexcmds.sty
Package: etexcmds 2019/12/15 v1.7 Avoid name clashes with e-TeX commands (HO)
)
\Hy@SavedSpaceFactor=\count324

(/usr/local/texlive/2022/texmf-dist/tex/latex/hyperref/puenc.def
File: puenc.def 2022-02-21 v7.00n Hyperref: PDF Unicode definition (HO)
Now handling font encoding PU ...
... no UTF-8 mapping file for font encoding PU
)
Package hyperref Info: Hyper figures OFF on input line 4137.
Package hyperref Info: Link nesting OFF on input line 4142.
Package hyperref Info: Hyper index ON on input line 4145.
Package hyperref Info: Plain pages OFF on input line 4152.
Package hyperref Info: Backreferencing ON on input line 4155.
Package hyperref Info: Implicit mode ON; LaTeX internals redefined.
Package hyperref Info: Bookmarks ON on input line 4390.

(/usr/local/texlive/2022/texmf-dist/tex/latex/hyperref/backref.sty
Package: backref 2021/02/04 v1.41 Bibliographical back referencing

(/usr/local/texlive/2022/texmf-dist/tex/latex/rerunfilecheck/rerunfilecheck.sty
Package: rerunfilecheck 2019/12/05 v1.9 Rerun checks for auxiliary files (HO)
(/usr/local/texlive/2022/texmf-dist/tex/latex/base/atveryend-ltx.sty
Package: atveryend-ltx 2020/08/19 v1.0a Emulation of the original atveryend pac
kage
with kernel methods
)
(/usr/local/texlive/2022/texmf-dist/tex/generic/uniquecounter/uniquecounter.sty
Package: uniquecounter 2019/12/15 v1.4 Provide unlimited unique counter (HO)
(/usr/local/texlive/2022/texmf-dist/tex/generic/bigintcalc/bigintcalc.sty
Package: bigintcalc 2019/12/15 v1.5 Expandable calculations on big integers (HO
)
))
Package uniquecounter Info: New unique counter `rerunfilecheck' on input line 2
86.
))
\c@Hy@tempcnt=\count325

(/usr/local/texlive/2022/texmf-dist/tex/latex/url/url.sty
\Urlmuskip=\muskip16
Package: url 2013/09/16  ver 3.4  Verb mode for urls, etc.
)
LaTeX Info: Redefining \url on input line 4749.
\XeTeXLinkMargin=\dimen197

(/usr/local/texlive/2022/texmf-dist/tex/generic/bitset/bitset.sty
Package: bitset 2019/12/09 v1.3 Handle bit-vector datatype (HO)
)
\Fld@menulength=\count326
\Field@Width=\dimen198
\Fld@charsize=\dimen199
Package hyperref Info: Hyper figures OFF on input line 6027.
Package hyperref Info: Link nesting OFF on input line 6032.
Package hyperref Info: Hyper index ON on input line 6035.
Package hyperref Info: backreferencing ON on input line 6040.
Package hyperref Info: Link coloring OFF on input line 6047.
Package hyperref Info: Link coloring with OCG OFF on input line 6052.
Package hyperref Info: PDF/A mode OFF on input line 6057.
LaTeX Info: Redefining \ref on input line 6097.
LaTeX Info: Redefining \pageref on input line 6101.

(/usr/local/texlive/2022/texmf-dist/tex/latex/base/atbegshi-ltx.sty
Package: atbegshi-ltx 2021/01/10 v1.0c Emulation of the original atbegshi
package with kernel methods
)
\Hy@abspage=\count327
\c@Item=\count328
\c@Hfootnote=\count329


LaTeX Warning: Command \LT@p@ftntext  has changed.
               Check if current package is valid.

)
Package hyperref Info: Driver: hpdftex.
 (/usr/local/texlive/2022/texmf-dist/tex/latex/hyperref/hpdftex.def
File: hpdftex.def 2022-02-21 v7.00n Hyperref driver for pdfTeX
\Fld@listcount=\count330
\c@bookmark@seq@number=\count331
\Hy@SectionHShift=\skip127
)
Package hyperref Info: Option `colorlinks' set `true' on input line 136.
Package hyperref Info: Option `unicode' set `true' on input line 136.

(/usr/local/texlive/2022/texmf-dist/tex/latex/caption/caption.sty
Package: caption 2022/03/01 v3.6b Customizing captions (AR)

(/usr/local/texlive/2022/texmf-dist/tex/latex/caption/caption3.sty
Package: caption3 2022/03/17 v2.3b caption3 kernel (AR)
\caption@tempdima=\dimen256
\captionmargin=\dimen257
\caption@leftmargin=\dimen258
\caption@rightmargin=\dimen259
\caption@width=\dimen260
\caption@indent=\dimen261
\caption@parindent=\dimen262
\caption@hangindent=\dimen263
Package caption Info: Standard document class detected.
)
\c@caption@flags=\count332
\c@continuedfloat=\count333
Package caption Info: float package is loaded.
Package caption Info: hyperref package is loaded.
Package caption Info: longtable package is loaded.

(/usr/local/texlive/2022/texmf-dist/tex/latex/caption/ltcaption.sty
Package: ltcaption 2021/01/08 v1.4c longtable captions (AR)
))
(/usr/local/texlive/2022/texmf-dist/tex/latex/etoc/etoc.sty
Package: etoc 2021/09/23 v1.09e Completely customisable TOCs (JFB)
\Etoc@toctoks=\toks35
\c@etoc@tocid=\count334
\c@etoc@tocdepth=\count335
\etoc@framed@titlebox=\box119
\etoc@framed@contentsbox=\box120
)
LaTeX Font Info:    Trying to load font information for T1+phv on input line 15
2.

(/usr/local/texlive/2022/texmf-dist/tex/latex/psnfss/t1phv.fd
File: t1phv.fd 2020/03/25 scalable font definitions for T1/phv.
)
LaTeX Font Info:    Font shape `T1/phv/m/n' will be
(Font)              scaled to size 8.99994pt on input line 152.

(/usr/local/texlive/2022/texmf-dist/tex/latex/l3backend/l3backend-pdftex.def
File: l3backend-pdftex.def 2022-02-07 L3 backend support: PDF output (pdfTeX)
\l__color_backend_stack_int=\count336
\l__pdf_internal_box=\box121
)
(./refman.aux)
\openout1 = `refman.aux'.

LaTeX Font Info:    Checking defaults for OML/cmm/m/it on input line 152.
LaTeX Font Info:    ... okay on input line 152.
LaTeX Font Info:    Checking defaults for OMS/cmsy/m/n on input line 152.
LaTeX Font Info:    ... okay on input line 152.
LaTeX Font Info:    Checking defaults for OT1/cmr/m/n on input line 152.
LaTeX Font Info:    ... okay on input line 152.
LaTeX Font Info:    Checking defaults for T1/cmr/m/n on input line 152.
LaTeX Font Info:    ... okay on input line 152.
LaTeX Font Info:    Checking defaults for TS1/cmr/m/n on input line 152.
LaTeX Font Info:    ... okay on input line 152.
LaTeX Font Info:    Checking defaults for OMX/cmex/m/n on input line 152.
LaTeX Font Info:    ... okay on input line 152.
LaTeX Font Info:    Checking defaults for U/cmr/m/n on input line 152.
LaTeX Font Info:    ... okay on input line 152.
LaTeX Font Info:    Checking defaults for PD1/pdf/m/n on input line 152.
LaTeX Font Info:    ... okay on input line 152.
LaTeX Font Info:    Checking defaults for PU/pdf/m/n on input line 152.
LaTeX Font Info:    ... okay on input line 152.

(/usr/local/texlive/2022/texmf-dist/tex/context/base/mkii/supp-pdf.mkii
[Loading MPS to PDF converter (version 2006.09.02).]
\scratchcounter=\count337
\scratchdimen=\dimen264
\scratchbox=\box122
\nofMPsegments=\count338
\nofMParguments=\count339
\everyMPshowfont=\toks36
\MPscratchCnt=\count340
\MPscratchDim=\dimen265
\MPnumerator=\count341
\makeMPintoPDFobject=\count342
\everyMPtoPDFconversion=\toks37
) (/usr/local/texlive/2022/texmf-dist/tex/latex/epstopdf-pkg/epstopdf-base.sty
Package: epstopdf-base 2020-01-24 v2.11 Base part for package epstopdf
Package epstopdf-base Info: Redefining graphics rule for `.eps' on input line 4
85.

(/usr/local/texlive/2022/texmf-dist/tex/latex/latexconfig/epstopdf-sys.cfg
File: epstopdf-sys.cfg 2010/07/13 v1.3 Configuration of (r)epstopdf for TeX Liv
e
))
*geometry* driver: auto-detecting
*geometry* detected driver: pdftex
*geometry* verbose mode - [ preamble ] result:
* driver: pdftex
* paper: a4paper
* layout: <same size as paper>
* layoutoffset:(h,v)=(0.0pt,0.0pt)
* modes: twoside 
* h-part:(L,W,R)=(71.13188pt, 455.24411pt, 71.13188pt)
* v-part:(T,H,B)=(71.13188pt, 702.78308pt, 71.13188pt)
* \paperwidth=597.50787pt
* \paperheight=845.04684pt
* \textwidth=455.24411pt
* \textheight=702.78308pt
* \oddsidemargin=-1.1381pt
* \evensidemargin=-1.1381pt
* \topmargin=-31.2056pt
* \headheight=12.0pt
* \headsep=18.06749pt
* \topskip=10.0pt
* \footskip=25.29494pt
* \marginparwidth=125.0pt
* \marginparsep=7.0pt
* \columnsep=10.0pt
* \skip\footins=9.0pt plus 4.0pt minus 2.0pt
* \hoffset=0.0pt
* \voffset=0.0pt
* \mag=1000
* \@twocolumnfalse
* \@twosidetrue
* \@mparswitchtrue
* \@reversemarginfalse
* (1in=72.27pt=25.4mm, 1cm=28.453pt)

Package backref Info: ** backref set up for natbib ** on input line 152.
Package hyperref Info: Link coloring ON on input line 152.
(/usr/local/texlive/2022/texmf-dist/tex/latex/hyperref/nameref.sty
Package: nameref 2021-04-02 v2.47 Cross-referencing by name of section

(/usr/local/texlive/2022/texmf-dist/tex/latex/refcount/refcount.sty
Package: refcount 2019/12/15 v3.6 Data extraction from label references (HO)
)
(/usr/local/texlive/2022/texmf-dist/tex/generic/gettitlestring/gettitlestring.s
ty
Package: gettitlestring 2019/12/15 v1.6 Cleanup title references (HO)
)
\c@section@level=\count343
)
LaTeX Info: Redefining \ref on input line 152.
LaTeX Info: Redefining \pageref on input line 152.
LaTeX Info: Redefining \nameref on input line 152.
 (./refman.out) (./refman.out)
\@outlinefile=\write5
\openout5 = `refman.out'.

Package caption Info: Begin \AtBeginDocument code.
Package caption Info: End \AtBeginDocument code.
\Etoc@tf=\read4
Package hyperref Info: Option `pageanchor' set `false' on input line 160.
Package hyperref Info: Option `bookmarksnumbered' set `true' on input line 160.

Package hyperref Info: Option `unicode' set `true' on input line 160.
LaTeX Font Info:    Font shape `T1/phv/m/n' will be
(Font)              scaled to size 12.9599pt on input line 165.
LaTeX Font Info:    Font shape `T1/phv/m/n' will be
(Font)              scaled to size 6.29996pt on input line 165.
LaTeX Font Info:    Trying to load font information for U+msa on input line 165
.

(/usr/local/texlive/2022/texmf-dist/tex/latex/amsfonts/umsa.fd
File: umsa.fd 2013/01/14 v3.01 AMS symbols A
)
LaTeX Font Info:    Trying to load font information for U+msb on input line 165
.

(/usr/local/texlive/2022/texmf-dist/tex/latex/amsfonts/umsb.fd
File: umsb.fd 2013/01/14 v3.01 AMS symbols B
)
LaTeX Font Info:    Trying to load font information for U+wasy on input line 16
5.

(/usr/local/texlive/2022/texmf-dist/tex/latex/wasysym/uwasy.fd
File: uwasy.fd 2020/01/19 v2.4 Wasy-2 symbol font definitions
)
LaTeX Font Info:    Font shape `T1/phv/m/n' will be
(Font)              scaled to size 10.79993pt on input line 167.
 [1


{/usr/local/texlive/2022/texmf-var/fonts/map/pdftex/updmap/pdftex.map}] [2

]
\tf@toc=\write6
\openout6 = `refman.toc'.

LaTeX Font Info:    Font shape `T1/phv/b/n' will be
(Font)              scaled to size 8.99994pt on input line 173.
LaTeX Font Info:    Font shape `T1/phv/b/n' will be
(Font)              scaled to size 6.29996pt on input line 173.
 [1] [2] [3]
LaTeX Font Info:    Font shape `T1/phv/m/n' will be
(Font)              scaled to size 7.19995pt on input line 173.
LaTeX Font Info:    Trying to load font information for T1+pcr on input line 17
3.

(/usr/local/texlive/2022/texmf-dist/tex/latex/psnfss/t1pcr.fd
File: t1pcr.fd 2001/06/04 font definitions for T1/pcr.
) [4] [5] [6]
[7] [8] [9] [10] [11] [12] [13] [14] [15] [16

]
Package hyperref Info: Option `pageanchor' set `true' on input line 176.

Chapter 1.
LaTeX Font Info:    Font shape `T1/phv/m/n' will be
(Font)              scaled to size 18.66588pt on input line 178.
LaTeX Font Info:    Font shape `T1/phv/b/n' will be
(Font)              scaled to size 18.66588pt on input line 178.
LaTeX Font Info:    Font shape `T1/phv/bc/n' will be
(Font)              scaled to size 18.66588pt on input line 178.
LaTeX Font Info:    Font shape `T1/phv/m/n' will be
(Font)              scaled to size 22.39185pt on input line 178.
LaTeX Font Info:    Font shape `T1/phv/b/n' will be
(Font)              scaled to size 22.39185pt on input line 178.
LaTeX Font Info:    Font shape `T1/phv/bc/n' will be
(Font)              scaled to size 22.39185pt on input line 178.
(./namespaces.tex
LaTeX Font Info:    Font shape `T1/phv/b/n' will be
(Font)              scaled to size 12.9599pt on input line 1.
) [1

] [2

]
Chapter 2.
(./hierarchy.tex [3]) [4]
Chapter 3.
(./annotated.tex) [5

] [6

]
Chapter 4.
(./files.tex [7]) [8]
Chapter 5.
(./namespaceestts.tex
LaTeX Font Info:    Font shape `T1/phv/b/n' will be
(Font)              scaled to size 10.79993pt on input line 3.
LaTeX Font Info:    Trying to load font information for TS1+phv on input line 6
.

(/usr/local/texlive/2022/texmf-dist/tex/latex/psnfss/ts1phv.fd
File: ts1phv.fd 2020/03/25 scalable font definitions for TS1/phv.
)
LaTeX Font Info:    Font shape `TS1/phv/m/n' will be
(Font)              scaled to size 8.99994pt on input line 6.

Underfull \hbox (badness 6675) in paragraph at lines 50--51
[]\T1/phv/m/n/10 typedef std[]::function$\OML/cmm/m/it/10 <$ \T1/phv/m/n/10 std
[]::string([] $\OMS/cmsy/m/n/10 ^^C$\T1/phv/m/n/10 , std[]::function$\OML/cmm/m
/it/10 <$ []\T1/phv/m/n/10 (std[]::vector$\OML/cmm/m/it/10 <$
 []

[9

]
Underfull \hbox (badness 10000) in paragraph at lines 101--102
\T1/pcr/m/n/8 typedef std[]::function$\OML/cmm/m/it/8 <$\T1/pcr/m/n/8 std[]::st
ring([] $\OMS/cmsy/m/n/8 ^^C$\T1/pcr/m/n/8 , std[]::function$\OML/cmm/m/it/8 <$
[]\T1/pcr/m/n/8 (std[]
 []

[10] [11]) (./namespaceestts_1_1ax25.tex [12] [13])
(./namespaceestts_1_1cosmos.tex [14]) (./namespaceestts_1_1dispatcher.tex)
(./namespaceestts_1_1endurosat.tex [15] [16])
(./namespaceestts_1_1es2__commands.tex)
(./namespaceestts_1_1es2__commands_1_1acs.tex [17] [18] [19] [20])
(./namespaceestts_1_1es2__commands_1_1crp.tex)
(./namespaceestts_1_1es2__commands_1_1eps.tex [21] [22] [23])
(./namespaceestts_1_1es2__commands_1_1mde.tex)
(./namespaceestts_1_1es2__commands_1_1method.tex [24])
(./namespaceestts_1_1es2__commands_1_1obc.tex)
(./namespaceestts_1_1es2__endpoint.tex [25] [26])
(./namespaceestts_1_1es2__telemetry.tex)
(./namespaceestts_1_1es2__telemetry_1_1acs.tex)
(./namespaceestts_1_1es2__telemetry_1_1eps.tex)
(./namespaceestts_1_1estts__response__code.tex [27])
(./namespaceestts_1_1telem__handler.tex) (./namespaceestts_1_1ti__serial.tex
[28]) (./namespaceestts_1_1ti__socket.tex [29]) [30]
Chapter 6.
(./classacs__command.tex
LaTeX Font Info:    Font shape `T1/pcr/m/it' in size <8> not available
(Font)              Font shape `T1/pcr/m/sl' tried instead on input line 36.
 [31

]) (./classax25__ui__frame__constructor.tex
Package epstopdf Info: Source file: <classax25__ui__frame__constructor.eps>
(epstopdf)                    date: 2022-04-11 00:44:23
(epstopdf)                    size: 3825 bytes
(epstopdf)             Output file: <classax25__ui__frame__constructor-eps-conv
erted-to.pdf>
(epstopdf)                    date: 2022-04-11 00:52:33
(epstopdf)                    size: 5488 bytes
(epstopdf)             Command: <repstopdf --outfile=classax25__ui__frame__cons
tructor-eps-converted-to.pdf classax25__ui__frame__constructor.eps>
(epstopdf)             \includegraphics on input line 10.
Package epstopdf Info: Output file is already uptodate.
 <./classax25__ui__frame__constructor-eps-converted-to.pdf>
<classax25__ui__frame__constructor-eps-converted-to.pdf, id=4201, 501.875pt x 2
30.75209pt>
File: classax25__ui__frame__constructor-eps-converted-to.pdf Graphic file (type
 pdf)
<use classax25__ui__frame__constructor-eps-converted-to.pdf>
Package pdftex.def Info: classax25__ui__frame__constructor-eps-converted-to.pdf
  used on input line 10.
(pdftex.def)             Requested size: 123.7607pt x 56.9055pt.
 [32]
LaTeX Font Info:    Font shape `T1/phv/m/n' will be
(Font)              scaled to size 8.09995pt on input line 19.
LaTeX Font Info:    Font shape `T1/phv/m/it' in size <9> not available
(Font)              Font shape `T1/phv/m/sl' tried instead on input line 19.
LaTeX Font Info:    Font shape `T1/phv/m/sl' will be
(Font)              scaled to size 8.09995pt on input line 19.
LaTeX Font Info:    Font shape `T1/phv/m/it' in size <7> not available
(Font)              Font shape `T1/phv/m/sl' tried instead on input line 19.
LaTeX Font Info:    Font shape `T1/phv/m/sl' will be
(Font)              scaled to size 6.29996pt on input line 19.

Underfull \hbox (badness 10000) detected at line 59
[][][]
 []

[33]
Underfull \hbox (badness 10000) detected at line 81
[][][]
 []

) (./classax25__ui__frame__destructor.tex
Package epstopdf Info: Source file: <classax25__ui__frame__destructor.eps>
(epstopdf)                    date: 2022-04-11 00:44:23
(epstopdf)                    size: 3823 bytes
(epstopdf)             Output file: <classax25__ui__frame__destructor-eps-conve
rted-to.pdf>
(epstopdf)                    date: 2022-04-11 00:52:33
(epstopdf)                    size: 5487 bytes
(epstopdf)             Command: <repstopdf --outfile=classax25__ui__frame__dest
ructor-eps-converted-to.pdf classax25__ui__frame__destructor.eps>
(epstopdf)             \includegraphics on input line 10.
Package epstopdf Info: Output file is already uptodate.
 <./classax25__ui__frame__destructor-eps-converted-to.pdf>
<classax25__ui__frame__destructor-eps-converted-to.pdf, id=4247, 501.875pt x 24
0.4182pt>
File: classax25__ui__frame__destructor-eps-converted-to.pdf Graphic file (type 
pdf)
<use classax25__ui__frame__destructor-eps-converted-to.pdf>
Package pdftex.def Info: classax25__ui__frame__destructor-eps-converted-to.pdf 
 used on input line 10.
(pdftex.def)             Requested size: 118.79066pt x 56.9055pt.
 [34]) (./classbin__converter.tex
LaTeX Font Info:    Font shape `T1/phv/b/n' will be
(Font)              scaled to size 7.19995pt on input line 31.
LaTeX Font Info:    Font shape `T1/pcr/m/it' in size <7> not available
(Font)              Font shape `T1/pcr/m/sl' tried instead on input line 32.
 [35]
Underfull \hbox (badness 10000) detected at line 45
[][][]
 []

[36]
Underfull \hbox (badness 10000) detected at line 69
[][][]
 []

) (./classcommand__handler.tex
Package epstopdf Info: Source file: <classcommand__handler.eps>
(epstopdf)                    date: 2022-04-11 00:44:23
(epstopdf)                    size: 3810 bytes
(epstopdf)             Output file: <classcommand__handler-eps-converted-to.pdf
>
(epstopdf)                    date: 2022-04-11 00:52:33
(epstopdf)                    size: 5158 bytes
(epstopdf)             Command: <repstopdf --outfile=classcommand__handler-eps-
converted-to.pdf classcommand__handler.eps>
(epstopdf)             \includegraphics on input line 10.
Package epstopdf Info: Output file is already uptodate.
 <./classcommand__handler-eps-converted-to.pdf>
<classcommand__handler-eps-converted-to.pdf, id=4314, 501.875pt x 274.99739pt>
File: classcommand__handler-eps-converted-to.pdf Graphic file (type pdf)
<use classcommand__handler-eps-converted-to.pdf>
Package pdftex.def Info: classcommand__handler-eps-converted-to.pdf  used on in
put line 10.
(pdftex.def)             Requested size: 103.84995pt x 56.9055pt.

[37]
Underfull \hbox (badness 10000) detected at line 75
[][][]
 []

[38]
Underfull \hbox (badness 10000) detected at line 97
[][][]
 []

) (./structestts_1_1command__object.tex [39] [40])
(./classcosmos__groundstation__handler.tex
Package epstopdf Info: Source file: <classcosmos__groundstation__handler.eps>
(epstopdf)                    date: 2022-04-11 00:44:23
(epstopdf)                    size: 3826 bytes
(epstopdf)             Output file: <classcosmos__groundstation__handler-eps-co
nverted-to.pdf>
(epstopdf)                    date: 2022-04-11 00:52:34
(epstopdf)                    size: 5239 bytes
(epstopdf)             Command: <repstopdf --outfile=classcosmos__groundstation
__handler-eps-converted-to.pdf classcosmos__groundstation__handler.eps>
(epstopdf)             \includegraphics on input line 10.
Package epstopdf Info: Output file is already uptodate.
 <./classcosmos__groundstation__handler-eps-converted-to.pdf>
<classcosmos__groundstation__handler-eps-converted-to.pdf, id=4426, 501.875pt x
 205.89925pt>
File: classcosmos__groundstation__handler-eps-converted-to.pdf Graphic file (ty
pe pdf)
<use classcosmos__groundstation__handler-eps-converted-to.pdf>
Package pdftex.def Info: classcosmos__groundstation__handler-eps-converted-to.p
df  used on input line 10.
(pdftex.def)             Requested size: 138.70143pt x 56.9055pt.
 [41]
Underfull \hbox (badness 10000) detected at line 49
[][][]
 []

) (./classcosmos__handler.tex
Package epstopdf Info: Source file: <classcosmos__handler.eps>
(epstopdf)                    date: 2022-04-11 00:44:23
(epstopdf)                    size: 4009 bytes
(epstopdf)             Output file: <classcosmos__handler-eps-converted-to.pdf>

(epstopdf)                    date: 2022-04-11 00:52:34
(epstopdf)                    size: 5611 bytes
(epstopdf)             Command: <repstopdf --outfile=classcosmos__handler-eps-c
onverted-to.pdf classcosmos__handler.eps>
(epstopdf)             \includegraphics on input line 10.
Package epstopdf Info: Output file is already uptodate.
 <./classcosmos__handler-eps-converted-to.pdf>
<classcosmos__handler-eps-converted-to.pdf, id=4457, 501.875pt x 102.9446pt>
File: classcosmos__handler-eps-converted-to.pdf Graphic file (type pdf)
<use classcosmos__handler-eps-converted-to.pdf>
Package pdftex.def Info: classcosmos__handler-eps-converted-to.pdf  used on inp
ut line 10.
(pdftex.def)             Requested size: 277.42584pt x 56.9055pt.

[42]
Underfull \hbox (badness 10000) detected at line 51
[][][]
 []

) (./classcosmos__satellite__txvr__handler.tex
Package epstopdf Info: Source file: <classcosmos__satellite__txvr__handler.eps>

(epstopdf)                    date: 2022-04-11 00:44:23
(epstopdf)                    size: 3828 bytes
(epstopdf)             Output file: <classcosmos__satellite__txvr__handler-eps-
converted-to.pdf>
(epstopdf)                    date: 2022-04-11 00:52:34
(epstopdf)                    size: 5190 bytes
(epstopdf)             Command: <repstopdf --outfile=classcosmos__satellite__tx
vr__handler-eps-converted-to.pdf classcosmos__satellite__txvr__handler.eps>
(epstopdf)             \includegraphics on input line 10.
Package epstopdf Info: Output file is already uptodate.
 <./classcosmos__satellite__txvr__handler-eps-converted-to.pdf>
<classcosmos__satellite__txvr__handler-eps-converted-to.pdf, id=4490, 501.875pt
 x 212.43365pt>
File: classcosmos__satellite__txvr__handler-eps-converted-to.pdf Graphic file (
type pdf)
<use classcosmos__satellite__txvr__handler-eps-converted-to.pdf>
Package pdftex.def Info: classcosmos__satellite__txvr__handler-eps-converted-to
.pdf  used on input line 10.
(pdftex.def)             Requested size: 134.43593pt x 56.9055pt.
 [43]
Underfull \hbox (badness 10000) detected at line 49
[][][]
 []

) (./classcrp__command.tex [44]) (./structestts_1_1dispatched__command.tex
Underfull \hbox (badness 10000) in paragraph at lines 60--61
\T1/pcr/m/n/8 std[]::function$\OML/cmm/m/it/8 <$[]\T1/pcr/m/n/8 (std[]::vector$
\OML/cmm/m/it/8 <$[] $\OMS/cmsy/m/n/8 ^^C$$\OML/cmm/m/it/8 >$\T1/pcr/m/n/8 )$\O
ML/cmm/m/it/8 >$ \T1/pcr/m/n/8 estts[]::dispatched[]_[]
 []

[45]) (./structestts_1_1es2__telemetry_1_1eps_1_1eps__3_vbus__current.tex
[46]) (./structestts_1_1es2__telemetry_1_1eps_1_1eps__5_vbus__current.tex
[47]) (./structestts_1_1es2__telemetry_1_1eps_1_1eps__battery_temp__sensor1.tex
) (./structestts_1_1es2__telemetry_1_1eps_1_1eps__battery_temp__sensor2.tex
[48]) (./structestts_1_1es2__telemetry_1_1eps_1_1eps__battery_temp__sensor3.tex
) (./structestts_1_1es2__telemetry_1_1eps_1_1eps__battery_temp__sensor4.tex
[49]) (./classeps__command.tex
Overfull \hbox (74.62216pt too wide) in paragraph at lines 12--14
[]\T1/phv/m/n/10 std[]::string [] (const [] &dis-patch, const std[]::function$\
OML/cmm/m/it/10 <$ []\T1/phv/m/n/10 ([]
 []

[50] [51] [52]) (./structestts_1_1es2__telemetry_1_1eps_1_1eps__current.tex
[53])
(./structestts_1_1es2__telemetry_1_1eps_1_1eps__external_temp__sensor5.tex)
(./structestts_1_1es2__telemetry_1_1eps_1_1eps__external_temp__sensor6.tex
[54])
(./structestts_1_1es2__telemetry_1_1eps_1_1eps__external_temp__sensor7.tex
[55]) (./structestts_1_1es2__telemetry_1_1eps_1_1eps__voltage.tex)
(./classesttc.tex
Package epstopdf Info: Source file: <classesttc.eps>
(epstopdf)                    date: 2022-04-11 00:44:23
(epstopdf)                    size: 3928 bytes
(epstopdf)             Output file: <classesttc-eps-converted-to.pdf>
(epstopdf)                    date: 2022-04-11 00:52:34
(epstopdf)                    size: 5138 bytes
(epstopdf)             Command: <repstopdf --outfile=classesttc-eps-converted-t
o.pdf classesttc.eps>
(epstopdf)             \includegraphics on input line 10.
Package epstopdf Info: Output file is already uptodate.
 <./classesttc-eps-converted-to.pdf>
<classesttc-eps-converted-to.pdf, id=4842, 501.875pt x 412.5011pt>
File: classesttc-eps-converted-to.pdf Graphic file (type pdf)
<use classesttc-eps-converted-to.pdf>
Package pdftex.def Info: classesttc-eps-converted-to.pdf  used on input line 10
.
(pdftex.def)             Requested size: 103.84995pt x 85.35826pt.
 [56]
LaTeX Font Info:    Font shape `TS1/phv/m/it' in size <9> not available
(Font)              Font shape `TS1/phv/m/sl' tried instead on input line 19.
LaTeX Font Info:    Font shape `TS1/phv/m/sl' will be
(Font)              scaled to size 8.09995pt on input line 19.
 [57] [58]
Underfull \hbox (badness 10000) detected at line 104
[][][]
 []


Underfull \hbox (badness 10000) detected at line 139
[][][]
 []

[59]
Underfull \hbox (badness 10000) detected at line 156
[][][]
 []


Underfull \hbox (badness 10000) detected at line 178
[][][]
 []

[60]
Underfull \hbox (badness 10000) detected at line 198
[][][]
 []


Underfull \hbox (badness 10000) detected at line 220
[][][]
 []


Underfull \hbox (badness 10000) detected at line 242
[][][]
 []

[61]
Underfull \hbox (badness 10000) detected at line 264
[][][]
 []


Underfull \hbox (badness 10000) detected at line 286
[][][]
 []


Underfull \hbox (badness 10000) detected at line 308
[][][]
 []

[62]
Underfull \hbox (badness 10000) detected at line 334
[][][]
 []


Underfull \hbox (badness 10000) detected at line 362
[][][]
 []

[63]
Underfull \hbox (badness 10000) detected at line 390
[][][]
 []


Underfull \hbox (badness 10000) detected at line 412
[][][]
 []

[64]
Underfull \hbox (badness 10000) detected at line 436
[][][]
 []


Underfull \hbox (badness 10000) detected at line 460
[][][]
 []

[65]
Underfull \hbox (badness 10000) detected at line 484
[][][]
 []


Underfull \hbox (badness 10000) detected at line 506
[][][]
 []


Underfull \hbox (badness 10000) detected at line 528
[][][]
 []

[66] [67]
Underfull \hbox (badness 10000) detected at line 550
[][][]
 []


Underfull \hbox (badness 10000) detected at line 572
[][][]
 []


Underfull \hbox (badness 10000) detected at line 594
[][][]
 []

[68]
Underfull \hbox (badness 10000) detected at line 616
[][][]
 []


Underfull \hbox (badness 10000) detected at line 638
[][][]
 []


Underfull \hbox (badness 10000) detected at line 655
[][][]
 []

[69]
Underfull \hbox (badness 10000) detected at line 677
[][][]
 []


Underfull \hbox (badness 10000) detected at line 711
[][][]
 []

[70]
Underfull \hbox (badness 10000) detected at line 728
[][][]
 []


Underfull \hbox (badness 10000) detected at line 750
[][][]
 []


Underfull \hbox (badness 10000) detected at line 772
[][][]
 []

[71]) (./classestts_1_1endurosat_1_1esttc__const.tex [72] [73] [74] [75]
[76] [77]
LaTeX Font Info:    Trying to load font information for TS1+pcr on input line 4
91.
 (/usr/local/texlive/2022/texmf-dist/tex/latex/psnfss/ts1pcr.fd
File: ts1pcr.fd 2001/06/04 font definitions for TS1/pcr.
)
[78] [79]) (./classgroundstation__cmdtelem__manager.tex
Underfull \hbox (badness 2221) in paragraph at lines 10--11
[][] \T1/phv/m/n/10 ([] $\OMS/cmsy/m/n/10 ^^C$\T1/phv/m/n/10 ti, std[]::functio
n$\OML/cmm/m/it/10 <$ []\T1/phv/m/n/10 (std[]::string)$\OML/cmm/m/it/10 >$
 []

[80]
Underfull \hbox (badness 10000) detected at line 54
[][][]
 []

) (./classinfo__field.tex
Package epstopdf Info: Source file: <classinfo__field.eps>
(epstopdf)                    date: 2022-04-11 00:44:23
(epstopdf)                    size: 3959 bytes
(epstopdf)             Output file: <classinfo__field-eps-converted-to.pdf>
(epstopdf)                    date: 2022-04-11 00:52:35
(epstopdf)                    size: 5556 bytes
(epstopdf)             Command: <repstopdf --outfile=classinfo__field-eps-conve
rted-to.pdf classinfo__field.eps>
(epstopdf)             \includegraphics on input line 10.
Package epstopdf Info: Output file is already uptodate.
 <./classinfo__field-eps-converted-to.pdf>
<classinfo__field-eps-converted-to.pdf, id=5495, 501.875pt x 115.37103pt>
File: classinfo__field-eps-converted-to.pdf Graphic file (type pdf)
<use classinfo__field-eps-converted-to.pdf>
Package pdftex.def Info: classinfo__field-eps-converted-to.pdf  used on input l
ine 10.
(pdftex.def)             Requested size: 247.54439pt x 56.9055pt.
 [81]
Underfull \hbox (badness 10000) detected at line 68
[][][]
 []

[82]) (./classmde__command.tex) (./classobc__command.tex)
(./classobc__session__manager.tex
Package epstopdf Info: Source file: <classobc__session__manager.eps>
(epstopdf)                    date: 2022-04-11 00:44:24
(epstopdf)                    size: 3823 bytes
(epstopdf)             Output file: <classobc__session__manager-eps-converted-t
o.pdf>
(epstopdf)                    date: 2022-04-11 00:52:35
(epstopdf)                    size: 5172 bytes
(epstopdf)             Command: <repstopdf --outfile=classobc__session__manager
-eps-converted-to.pdf classobc__session__manager.eps>
(epstopdf)             \includegraphics on input line 10.
Package epstopdf Info: Output file is already uptodate.
 <./classobc__session__manager-eps-converted-to.pdf>
<classobc__session__manager-eps-converted-to.pdf, id=5557, 501.875pt x 274.9973
9pt>
File: classobc__session__manager-eps-converted-to.pdf Graphic file (type pdf)
<use classobc__session__manager-eps-converted-to.pdf>
Package pdftex.def Info: classobc__session__manager-eps-converted-to.pdf  used 
on input line 10.
(pdftex.def)             Requested size: 103.84995pt x 56.9055pt.
 [83] [84]
Underfull \hbox (badness 10000) in paragraph at lines 103--104
|  \T1/pcr/m/n/8 std[]::function$\OML/cmm/m/it/8 <$ []\T1/pcr/m/n/8 (std[]::vec
tor$\OML/cmm/m/it/8 <$ [] $\OMS/cmsy/m/n/8 ^^C$ $\OML/cmm/m/it/8 >$\T1/pcr/m/n/
8 )$\OML/cmm/m/it/8 >$ \T1/pcr/m/sl/8 decomp[]
 []

[85]
Underfull \hbox (badness 10000) detected at line 116
[][][]
 []


Underfull \hbox (badness 10000) detected at line 136
[][][]
 []

) (./classposix__serial.tex [86]
Underfull \hbox (badness 10000) detected at line 58
[][][]
 []

[87]
Underfull \hbox (badness 10000) detected at line 108
[][][]
 []


Underfull \hbox (badness 10000) detected at line 125
[][][]
 []

[88]
Underfull \hbox (badness 10000) detected at line 147
[][][]
 []


Underfull \hbox (badness 10000) detected at line 171
[][][]
 []

) (./classsatellite__txvr__cmdtelem__manager.tex
Underfull \hbox (badness 4316) in paragraph at lines 10--11
[][] \T1/phv/m/n/10 ([] $\OMS/cmsy/m/n/10 ^^C$\T1/phv/m/n/10 ti, std[]::functio
n$\OML/cmm/m/it/10 <$ []\T1/phv/m/n/10 (std[]::string)$\OML/cmm/m/it/10 >$
 []

[89] [90]
Underfull \hbox (badness 10000) detected at line 54
[][][]
 []

) (./classserial__handler.tex
Package epstopdf Info: Source file: <classserial__handler.eps>
(epstopdf)                    date: 2022-04-11 00:44:24
(epstopdf)                    size: 3915 bytes
(epstopdf)             Output file: <classserial__handler-eps-converted-to.pdf>

(epstopdf)                    date: 2022-04-11 00:52:35
(epstopdf)                    size: 5124 bytes
(epstopdf)             Command: <repstopdf --outfile=classserial__handler-eps-c
onverted-to.pdf classserial__handler.eps>
(epstopdf)             \includegraphics on input line 10.
Package epstopdf Info: Output file is already uptodate.
 <./classserial__handler-eps-converted-to.pdf>
<classserial__handler-eps-converted-to.pdf, id=5742, 501.875pt x 412.5011pt>
File: classserial__handler-eps-converted-to.pdf Graphic file (type pdf)
<use classserial__handler-eps-converted-to.pdf>
Package pdftex.def Info: classserial__handler-eps-converted-to.pdf  used on inp
ut line 10.
(pdftex.def)             Requested size: 103.84995pt x 85.35826pt.

Underfull \hbox (badness 2486) in paragraph at lines 39--41
[]\T1/phv/m/n/10 std[]::function$\OML/cmm/m/it/10 <$ \T1/phv/m/n/10 void(boost[
]::system[]::error[]_[]code, size[]_[]t)$\OML/cmm/m/it/10 >$ [] \T1/phv/m/n/10 
(const std[]
 []

[91]
Underfull \hbox (badness 10000) detected at line 74
[][][]
 []


Underfull \hbox (badness 10000) in paragraph at lines 128--129
\T1/pcr/m/n/8 std[]::function$\OML/cmm/m/it/8 <$ \T1/pcr/m/n/8 void(boost[]::sy
stem[]::error[]_[]code, size[]_[]t)$\OML/cmm/m/it/8 >$ \T1/pcr/m/n/8 serial[]_[
]handler[]::get[]_[]generic[]_[]async[]_[]
 []

[92]
Underfull \hbox (badness 10000) detected at line 144
[][][]
 []


Underfull \hbox (badness 10000) detected at line 171
[][][]
 []

[93]
Underfull \hbox (badness 10000) detected at line 198
[][][]
 []

[94]
Underfull \hbox (badness 10000) detected at line 230
[][][]
 []


Underfull \hbox (badness 10000) detected at line 254
[][][]
 []

) (./classsocket__handler.tex [95]
Package epstopdf Info: Source file: <classsocket__handler.eps>
(epstopdf)                    date: 2022-04-11 00:44:24
(epstopdf)                    size: 3814 bytes
(epstopdf)             Output file: <classsocket__handler-eps-converted-to.pdf>

(epstopdf)                    date: 2022-04-11 00:52:36
(epstopdf)                    size: 5169 bytes
(epstopdf)             Command: <repstopdf --outfile=classsocket__handler-eps-c
onverted-to.pdf classsocket__handler.eps>
(epstopdf)             \includegraphics on input line 10.
Package epstopdf Info: Output file is already uptodate.
 <./classsocket__handler-eps-converted-to.pdf>
<classsocket__handler-eps-converted-to.pdf, id=5876, 501.875pt x 274.99739pt>
File: classsocket__handler-eps-converted-to.pdf Graphic file (type pdf)
<use classsocket__handler-eps-converted-to.pdf>
Package pdftex.def Info: classsocket__handler-eps-converted-to.pdf  used on inp
ut line 10.
(pdftex.def)             Requested size: 103.84995pt x 56.9055pt.
 [96]
Underfull \hbox (badness 10000) detected at line 69
[][][]
 []

[97]
Underfull \hbox (badness 10000) detected at line 119
[][][]
 []


Underfull \hbox (badness 10000) detected at line 136
[][][]
 []


Overfull \vbox (8.2125pt too high) has occurred while \output is active []


[98]
Underfull \hbox (badness 10000) detected at line 158
[][][]
 []


Underfull \hbox (badness 10000) detected at line 182
[][][]
 []

) (./structestts_1_1telemetry__object.tex [99] [100])
(./classtransmission__interface.tex
Package epstopdf Info: Source file: <classtransmission__interface.eps>
(epstopdf)                    date: 2022-04-11 00:44:24
(epstopdf)                    size: 4081 bytes
(epstopdf)             Output file: <classtransmission__interface-eps-converted
-to.pdf>
(epstopdf)                    date: 2022-04-11 00:52:36
(epstopdf)                    size: 5381 bytes
(epstopdf)             Command: <repstopdf --outfile=classtransmission__interfa
ce-eps-converted-to.pdf classtransmission__interface.eps>
(epstopdf)             \includegraphics on input line 10.
Package epstopdf Info: Output file is already uptodate.
 <./classtransmission__interface-eps-converted-to.pdf>
<classtransmission__interface-eps-converted-to.pdf, id=6005, 501.875pt x 206.25
055pt>
File: classtransmission__interface-eps-converted-to.pdf Graphic file (type pdf)

<use classtransmission__interface-eps-converted-to.pdf>
Package pdftex.def Info: classtransmission__interface-eps-converted-to.pdf  use
d on input line 10.
(pdftex.def)             Requested size: 207.69989pt x 85.35826pt.
 [101] [102]
Underfull \hbox (badness 10000) detected at line 101
[][][]
 []


Underfull \hbox (badness 10000) detected at line 114
[][][]
 []


Underfull \hbox (badness 10000) detected at line 141
[][][]
 []

[103]
Underfull \hbox (badness 10000) detected at line 169
[][][]
 []

[104]
Underfull \hbox (badness 10000) detected at line 187
[][][]
 []


Underfull \hbox (badness 10000) detected at line 200
[][][]
 []


Underfull \hbox (badness 10000) detected at line 213
[][][]
 []


Underfull \hbox (badness 10000) detected at line 226
[][][]
 []

[105]
Underfull \hbox (badness 10000) detected at line 259
[][][]
 []

[106]
Underfull \hbox (badness 10000) detected at line 292
[][][]
 []


Underfull \hbox (badness 10000) detected at line 312
[][][]
 []

[107]) (./structestts_1_1es2__telemetry_1_1eps_1_1vitals.tex [108])
(./structestts_1_1waiting__command.tex
Underfull \hbox (badness 10000) in paragraph at lines 54--55
\T1/pcr/m/n/8 std[]::function$\OML/cmm/m/it/8 <$[]\T1/pcr/m/n/8 (std[]::vector$
\OML/cmm/m/it/8 <$[] $\OMS/cmsy/m/n/8 ^^C$$\OML/cmm/m/it/8 >$\T1/pcr/m/n/8 )$\O
ML/cmm/m/it/8 >$ \T1/pcr/m/n/8 estts[]::waiting[]_[]command[]
 []

[109]) [110]
Chapter 7.
(./command__handler_8cpp.tex
Underfull \hbox (badness 10000) in paragraph at lines 3--9

 []

[111

]
Underfull \hbox (badness 10000) detected at line 32
[][][]
 []

) (./command__handler_8cpp_source.tex [112]) (./command__handler_8h.tex
Underfull \hbox (badness 10000) in paragraph at lines 3--8

 []

[113]) (./command__handler_8h_source.tex) (./acs__command_8cpp.tex)
(./acs__command_8cpp_source.tex [114] [115]) (./acs__command_8h.tex
Underfull \hbox (badness 10000) in paragraph at lines 3--4

 []

) (./acs__command_8h_source.tex [116]) (./crp__command_8cpp.tex)
(./crp__command_8cpp_source.tex) (./crp__command_8h.tex)
(./crp__command_8h_source.tex) (./eps__command_8cpp.tex)
(./eps__command_8cpp_source.tex [117] [118] [119] [120] [121])
(./eps__command_8h.tex
Underfull \hbox (badness 10000) in paragraph at lines 3--6

 []

[122]) (./eps__command_8h_source.tex) (./mde__command_8cpp.tex)
(./mde__command_8cpp_source.tex [123]) (./mde__command_8h.tex)
(./mde__command_8h_source.tex) (./obc__command_8cpp.tex)
(./obc__command_8cpp_source.tex) (./obc__command_8h.tex)
(./obc__command_8h_source.tex [124]) (./cosmos__groundstation__handler_8cpp.tex
) (./cosmos__groundstation__handler_8cpp_source.tex [125])
(./cosmos__groundstation__handler_8h.tex
Underfull \hbox (badness 10000) in paragraph at lines 3--8

 []

) (./cosmos__groundstation__handler_8h_source.tex) (./cosmos__handler_8cpp.tex)
(./cosmos__handler_8cpp_source.tex [126] [127]) (./cosmos__handler_8h.tex
Underfull \hbox (badness 10000) in paragraph at lines 3--9

 []

) (./cosmos__handler_8h_source.tex)
(./cosmos__satellite__txvr__handler_8cpp.tex)
(./cosmos__satellite__txvr__handler_8cpp_source.tex [128])
(./cosmos__satellite__txvr__handler_8h.tex
Underfull \hbox (badness 10000) in paragraph at lines 3--7

 []

) (./cosmos__satellite__txvr__handler_8h_source.tex [129])
(./groundstation__cmdtelem__manager_8cpp.tex)
(./groundstation__cmdtelem__manager_8cpp_source.tex [130])
(./groundstation__cmdtelem__manager_8h.tex
Underfull \hbox (badness 10000) in paragraph at lines 3--11

 []

) (./groundstation__cmdtelem__manager_8h_source.tex [131])
(./obc__session__manager_8cpp.tex) (./obc__session__manager_8cpp_source.tex
[132] [133]) (./obc__session__manager_8h.tex
Underfull \hbox (badness 10000) in paragraph at lines 3--11

 []

) (./obc__session__manager_8h_source.tex [134])
(./satellite__txvr__cmdtelem__manager_8cpp.tex)
(./satellite__txvr__cmdtelem__manager_8cpp_source.tex [135])
(./satellite__txvr__cmdtelem__manager_8h.tex
Underfull \hbox (badness 10000) in paragraph at lines 3--11

 []

) (./satellite__txvr__cmdtelem__manager_8h_source.tex) (./esttc_8cpp.tex)
(./esttc_8cpp_source.tex [136] [137] [138] [139] [140] [141] [142] [143]
[144]) (./esttc_8h.tex
Underfull \hbox (badness 10000) in paragraph at lines 3--5

 []

) (./esttc_8h_source.tex [145]) (./posix__serial_8cpp.tex)
(./posix__serial_8cpp_source.tex [146] [147] [148]) (./posix__serial_8h.tex
Underfull \hbox (badness 10000) in paragraph at lines 3--5

 []

) (./posix__serial_8h_source.tex [149]) (./serial__handler_8cpp.tex)
(./serial__handler_8cpp_source.tex [150]
Overfull \hbox (52.95552pt too wide) in paragraph at lines 80--80
\T1/pcr/m/n/7 serial.set_option(boost::asio::serial_port_base::flow_control(boo
st::asio::serial_port_base::flow_control::none));  
 []


Overfull \hbox (23.55554pt too wide) in paragraph at lines 82--82
\T1/pcr/m/n/7 serial.set_option(boost::asio::serial_port_base::stop_bits(boost:
:asio::serial_port_base::stop_bits::one));  
 []

[151] [152] [153]) (./serial__handler_8h.tex
Underfull \hbox (badness 10000) in paragraph at lines 3--7

 []

) (./serial__handler_8h_source.tex [154]) (./socket__handler_8cpp.tex)
(./socket__handler_8cpp_source.tex [155] [156]) (./socket__handler_8h.tex
Underfull \hbox (badness 10000) in paragraph at lines 3--7

 []

) (./socket__handler_8h_source.tex [157]) (./transmission__interface_8cpp.tex)
(./transmission__interface_8cpp_source.tex [158] [159] [160] [161] [162]
[163]) (./transmission__interface_8h.tex
Underfull \hbox (badness 10000) in paragraph at lines 3--7

 []

) (./transmission__interface_8h_source.tex [164])
(./ax25__ui__frame__constructor_8cpp.tex)
(./ax25__ui__frame__constructor_8cpp_source.tex [165] [166])
(./ax25__ui__frame__constructor_8h.tex
Underfull \hbox (badness 10000) in paragraph at lines 3--8

 []

) (./ax25__ui__frame__constructor_8h_source.tex [167])
(./ax25__ui__frame__destructor_8cpp.tex)
(./ax25__ui__frame__destructor_8cpp_source.tex [168] [169])
(./ax25__ui__frame__destructor_8h.tex
Underfull \hbox (badness 10000) in paragraph at lines 3--7

 []

) (./ax25__ui__frame__destructor_8h_source.tex [170]) (./info__field_8cpp.tex)
(./info__field_8cpp_source.tex [171]) (./info__field_8h.tex
Underfull \hbox (badness 10000) in paragraph at lines 3--8

 []

) (./info__field_8h_source.tex [172]) (./bin__converter_8cpp.tex)
(./bin__converter_8cpp_source.tex [173]) (./bin__converter_8h.tex
Underfull \hbox (badness 10000) in paragraph at lines 3--5

 []

) (./bin__converter_8h_source.tex [174]) (./constants_8h.tex
Underfull \hbox (badness 10000) in paragraph at lines 3--4

 []

[175]
Underfull \hbox (badness 6675) in paragraph at lines 102--103
[]\T1/phv/m/n/10 typedef std[]::function$\OML/cmm/m/it/10 <$ \T1/phv/m/n/10 std
[]::string([] $\OMS/cmsy/m/n/10 ^^C$\T1/phv/m/n/10 , std[]::function$\OML/cmm/m
/it/10 <$ []\T1/phv/m/n/10 (std[]::vector$\OML/cmm/m/it/10 <$
 []


Underfull \hbox (badness 3826) in paragraph at lines 107--123
[] \T1/phv/m/n/10 = 3 , [] = 3 , [] = 405 ,
 []

[176] [177]) (./constants_8h_source.tex [178] [179] [180] [181])
(./helper_8cpp.tex
Underfull \hbox (badness 10000) in paragraph at lines 3--10

 []

[182]
Underfull \hbox (badness 10000) detected at line 39
[][][]
 []


Underfull \hbox (badness 10000) detected at line 66
[][][]
 []

[183]
Overfull \hbox (243.05458pt too wide) in paragraph at lines 79--80
[]\T1/phv/m/n/10 Convert HEX string to ASCII string. Bor-rowed from [][] \T1/pc
r/m/n/10 https[]://www.[]geeksforgeeks.[]org/convert-hexadecimal-value-string-a
scii-value-string/[][] 
 []


Underfull \hbox (badness 10000) detected at line 84
[][][]
 []

) (./helper_8cpp_source.tex [184] [185]) (./helper_8h.tex
Underfull \hbox (badness 10000) in paragraph at lines 3--5

 []


Underfull \hbox (badness 10000) detected at line 34
[][][]
 []

[186]
Underfull \hbox (badness 10000) detected at line 61
[][][]
 []


Overfull \hbox (243.05458pt too wide) in paragraph at lines 74--75
[]\T1/phv/m/n/10 Convert HEX string to ASCII string. Bor-rowed from [][] \T1/pc
r/m/n/10 https[]://www.[]geeksforgeeks.[]org/convert-hexadecimal-value-string-a
scii-value-string/[][] 
 []


Underfull \hbox (badness 10000) detected at line 79
[][][]
 []

[187]) (./helper_8h_source.tex) [188] (./refman.ind [189



] [190] [191]
Overfull \hbox (34.19092pt too wide) in paragraph at lines 438--440
[]| \T1/phv/m/n/10 ESTTS_CHECK_SATELLITE_INRANGE_INTERVAL_SEC,
 []


Overfull \hbox (17.33418pt too wide) in paragraph at lines 441--443
[]| \T1/phv/m/n/10 ESTTS_REQUEST_SESSION_TIMEOUT_SECONDS,
 []

[192] [193]
Underfull \hbox (badness 10000) in paragraph at lines 602--604
[]\T1/phv/m/n/10 estts::es2_telemetry::eps::eps_batteryTemp_sensor1,
 []


Underfull \hbox (badness 10000) in paragraph at lines 605--607
[]\T1/phv/m/n/10 estts::es2_telemetry::eps::eps_batteryTemp_sensor2,
 []


Underfull \hbox (badness 10000) in paragraph at lines 608--610
[]\T1/phv/m/n/10 estts::es2_telemetry::eps::eps_batteryTemp_sensor3,
 []


Underfull \hbox (badness 10000) in paragraph at lines 611--613
[]\T1/phv/m/n/10 estts::es2_telemetry::eps::eps_batteryTemp_sensor4,
 []


Underfull \hbox (badness 10000) in paragraph at lines 616--618
[]\T1/phv/m/n/10 estts::es2_telemetry::eps::eps_externalTemp_sensor5,
 []


Underfull \hbox (badness 10000) in paragraph at lines 619--621
[]\T1/phv/m/n/10 estts::es2_telemetry::eps::eps_externalTemp_sensor6,
 []


Underfull \hbox (badness 10000) in paragraph at lines 622--624
[]\T1/phv/m/n/10 estts::es2_telemetry::eps::eps_externalTemp_sensor7,
 []


Overfull \hbox (15.6147pt too wide) in paragraph at lines 673--675
[]| \T1/phv/m/n/10 estts::es2_telemetry::eps::eps_externalTemp_sensor5,
 []


Overfull \hbox (15.6147pt too wide) in paragraph at lines 675--677
[]| \T1/phv/m/n/10 estts::es2_telemetry::eps::eps_externalTemp_sensor6,
 []


Overfull \hbox (15.6147pt too wide) in paragraph at lines 677--679
[]| \T1/phv/m/n/10 estts::es2_telemetry::eps::eps_externalTemp_sensor7,
 []

[194] [195] [196]
Underfull \hbox (badness 10000) in paragraph at lines 969--971
[]\T1/phv/m/n/10 src/fapi/command_handler/acs_command.cpp, [][]114[][],
 []


Underfull \hbox (badness 10000) in paragraph at lines 974--976
[]\T1/phv/m/n/10 src/fapi/command_handler/eps_command.cpp, [][]117[][],
 []


Underfull \hbox (badness 10000) in paragraph at lines 977--979
[]\T1/phv/m/n/10 src/fapi/command_handler/mde_command.cpp, [][]123[][],
 []

[197] [198

]) (./refman.aux)
Package rerunfilecheck Info: File `refman.out' has not changed.
(rerunfilecheck)             Checksum: B64B759AE1F51878278B7725CE8E15EA;142052.

 ) 
Here is how much of TeX's memory you used:
 26180 strings out of 478268
 565438 string characters out of 5846348
 829293 words of memory out of 5000000
 37623 multiletter control sequences out of 15000+600000
 530062 words of font info for 103 fonts, out of 8000000 for 9000
 1141 hyphenation exceptions out of 8191
 99i,16n,117p,862b,674s stack positions out of 10000i,1000n,20000p,200000b,200000s
{/usr/local/texlive/2022/texmf-dist/fonts/enc/dvips/base/8r.enc}</usr/local/t
exlive/2022/texmf-dist/fonts/type1/public/amsfonts/cm/cmmi10.pfb></usr/local/te
xlive/2022/texmf-dist/fonts/type1/public/amsfonts/cm/cmmi7.pfb></usr/local/texl
ive/2022/texmf-dist/fonts/type1/public/amsfonts/cm/cmmi8.pfb></usr/local/texliv
e/2022/texmf-dist/fonts/type1/public/amsfonts/cm/cmsy10.pfb></usr/local/texlive
/2022/texmf-dist/fonts/type1/public/amsfonts/cm/cmsy7.pfb></usr/local/texlive/2
022/texmf-dist/fonts/type1/public/amsfonts/cm/cmsy8.pfb></usr/local/texlive/202
2/texmf-dist/fonts/type1/urw/courier/ucrb8a.pfb></usr/local/texlive/2022/texmf-
dist/fonts/type1/urw/courier/ucrr8a.pfb></usr/local/texlive/2022/texmf-dist/fon
ts/type1/urw/courier/ucrro8a.pfb></usr/local/texlive/2022/texmf-dist/fonts/type
1/urw/helvetic/uhvb8a.pfb></usr/local/texlive/2022/texmf-dist/fonts/type1/urw/h
elvetic/uhvb8ac.pfb></usr/local/texlive/2022/texmf-dist/fonts/type1/urw/helveti
c/uhvr8a.pfb></usr/local/texlive/2022/texmf-dist/fonts/type1/urw/helvetic/uhvro
8a.pfb>
Output written on refman.pdf (216 pages, 877161 bytes).
PDF statistics:
 15446 PDF objects out of 18468 (max. 8388607)
 15025 compressed objects within 151 object streams
 6112 named destinations out of 6186 (max. 500000)
 4917 words of extra memory for PDF output out of 10000 (max. 10000000)

